<?xml version="1.0" encoding="UTF-8"?>
<testsuite xmlns:xsi="http://www.w3.org/2001/XMLSchema-instance" xsi:noNamespaceSchemaLocation="https://maven.apache.org/surefire/maven-surefire-plugin/xsd/surefire-test-report.xsd" version="3.0.2" name="com.LoginTest" time="21.065" tests="2" errors="0" skipped="0" failures="0">
  <properties>
[...]
</properties>
  <testcase name="showThePageTitle(Page)" classname="com.LoginTest" time="10.227"/>
  <testcase name="loginWithValidCredentials(Page)" classname="com.LoginTest" time="10.551"/>
</testsuite>